<?xml version="1.0" encoding="UTF-8"?>
<!-- Generated by org.testng.reporters.JUnitReportReporter -->
<testsuite hostname="MLI-LAP-087" failures="0" tests="2" name="com.crm.qa.testcases.HomePageTest" time="4.117" errors="0" timestamp="06 Dec 2023 11:08:02 GMT" skipped="0">
  <testcase classname="com.crm.qa.testcases.HomePageTest" name="getAllItemsPriceDesccending" time="1.949"/>
  <testcase classname="com.crm.qa.testcases.HomePageTest" name="getAllItemsPriceAccending" time="2.168"/>
</testsuite> <!-- com.crm.qa.testcases.HomePageTest -->
