<?xml version="1.0" encoding="UTF-8"?>
<!-- Generated by org.testng.reporters.JUnitReportReporter -->
<testsuite hostname="MLI-LAP-087" failures="0" tests="1" name="com.crm.qa.testcases.HomePageTest" time="2.432" errors="0" timestamp="05 Dec 2023 12:55:10 GMT" skipped="0">
  <testcase classname="com.crm.qa.testcases.HomePageTest" name="getAllItemsPrice" time="2.432"/>
</testsuite> <!-- com.crm.qa.testcases.HomePageTest -->
