<?xml version="1.0" encoding="UTF-8"?>
<!-- Generated by org.testng.reporters.JUnitReportReporter -->
<testsuite hostname="MLI-LAP-087" failures="0" tests="4" name="com.crm.qa.testcases.LoginPageTest" time="6.664" errors="0" timestamp="06 Dec 2023 10:45:01 GMT" skipped="0">
  <testcase classname="com.crm.qa.testcases.LoginPageTest" name="loginTest" time="1.863"/>
  <testcase classname="com.crm.qa.testcases.LoginPageTest" name="loginTest" time="1.549"/>
  <testcase classname="com.crm.qa.testcases.LoginPageTest" name="loginTest" time="1.764"/>
  <testcase classname="com.crm.qa.testcases.LoginPageTest" name="loginTest" time="1.488"/>
</testsuite> <!-- com.crm.qa.testcases.LoginPageTest -->
