<?xml version="1.0" encoding="UTF-8"?>
<!-- Generated by org.testng.reporters.JUnitReportReporter -->
<testsuite hostname="MLI-LAP-087" failures="0" tests="5" name="com.crm.qa.testcases.LoginPageTest" time="7.025" errors="0" timestamp="05 Dec 2023 08:11:18 GMT" skipped="0">
  <testcase classname="com.crm.qa.testcases.LoginPageTest" name="loginPageTitleTest" time="1.224"/>
  <testcase classname="com.crm.qa.testcases.LoginPageTest" name="loginTest" time="1.206"/>
  <testcase classname="com.crm.qa.testcases.LoginPageTest" name="loginTest" time="1.370"/>
  <testcase classname="com.crm.qa.testcases.LoginPageTest" name="loginTest" time="1.656"/>
  <testcase classname="com.crm.qa.testcases.LoginPageTest" name="loginTest" time="1.569"/>
</testsuite> <!-- com.crm.qa.testcases.LoginPageTest -->
